
> backend@1.0.0 dev
> nodemon server.js

[33m[nodemon] 3.1.14[39m
[33m[nodemon] to restart at any time, enter `rs`[39m
[33m[nodemon] watching path(s): *.*[39m
[33m[nodemon] watching extensions: js,mjs,cjs,json[39m
[32m[nodemon] starting `node server.js`[39m
[dotenv@17.3.1] injecting env (11) from .env -- tip: 🔐 prevent committing .env to code: https://dotenvx.com/precommit
GOOGLE_CLIENT_ID: 685977881829-pi90bp8hd0mkpnui2nllhgsu9dc6d8dt.apps.googleusercontent.com
[Google OAuth Debug] Configuration initialized:
- API URL: http://localhost:5001/api/auth/google/callback
- Client ID: 685977881829-pi...
- Secret Length: 34
[dotenv@17.3.1] injecting env (0) from .env -- tip: ⚙️  suppress all logs with { quiet: true }
MongoDB Connected: localhost
node:events:486
      throw er; // Unhandled 'error' event
      ^

Error: listen EADDRINUSE: address already in use :::5001
    at Server.setupListenHandle [as _listen2] (node:net:1948:16)
    at listenInCluster (node:net:2005:12)
    at Server.listen (node:net:2110:7)
    at startServer (file:///C:/Users/niche/OneDrive/Desktop/Hotel%20booking/backend/server.js:54:12)
    at process.processTicksAndRejections (node:internal/process/task_queues:104:5)
Emitted 'error' event on Server instance at:
    at emitErrorNT (node:net:1984:8)
    at process.processTicksAndRejections (node:internal/process/task_queues:90:21) {
  code: 'EADDRINUSE',
  errno: -4091,
  syscall: 'listen',
  address: '::',
  port: 5001
}

Node.js v24.14.0
[31m[nodemon] app crashed - waiting for file changes before starting...[39m
Terminate batch job (Y/N)? 